<?xml version="1.0" encoding="UTF-8"?>
<!-- Generated by org.testng.reporters.JUnitReportReporter -->
<testsuite skipped="0" hostname="ip-172-31-14-28" name="MAVEN.GitHub_Maven.AppTest" tests="1" failures="0" timestamp="25 Feb 2021 03:56:27 GMT" time="0.006" errors="0">
  <testcase name="testApp" time="0.006" classname="MAVEN.GitHub_Maven.AppTest"/>
</testsuite> <!-- MAVEN.GitHub_Maven.AppTest -->
